  [4;36;1mSQL (0.7ms)[0m   [0;1m SELECT name
 FROM sqlite_master
 WHERE type = 'table' AND NOT name = 'sqlite_sequence'
[0m
  [4;35;1mSQL (0.1ms)[0m   [0mselect sqlite_version(*)[0m
  [4;36;1mSQL (0.3ms)[0m   [0;1mCREATE TABLE "schema_migrations" ("version" varchar(255) NOT NULL) [0m
  [4;35;1mSQL (0.0ms)[0m   [0mPRAGMA index_list("schema_migrations")[0m
  [4;36;1mSQL (0.1ms)[0m   [0;1mCREATE UNIQUE INDEX "unique_schema_migrations" ON "schema_migrations" ("version")[0m
  [4;35;1mSQL (0.1ms)[0m   [0m SELECT name
 FROM sqlite_master
 WHERE type = 'table' AND NOT name = 'sqlite_sequence'
[0m
  [4;36;1mSQL (0.1ms)[0m   [0;1mSELECT version FROM schema_migrations[0m
  [4;36;1mSQL (0.5ms)[0m   [0;1m SELECT name
 FROM sqlite_master
 WHERE type = 'table' AND NOT name = 'sqlite_sequence'
[0m
  [4;35;1mSQL (0.1ms)[0m   [0mselect sqlite_version(*)[0m
  [4;36;1mSQL (0.3ms)[0m   [0;1mCREATE TABLE "schema_migrations" ("version" varchar(255) NOT NULL) [0m
  [4;35;1mSQL (0.0ms)[0m   [0mPRAGMA index_list("schema_migrations")[0m
  [4;36;1mSQL (0.1ms)[0m   [0;1mCREATE UNIQUE INDEX "unique_schema_migrations" ON "schema_migrations" ("version")[0m
  [4;35;1mSQL (0.1ms)[0m   [0m SELECT name
 FROM sqlite_master
 WHERE type = 'table' AND NOT name = 'sqlite_sequence'
[0m
  [4;36;1mSQL (0.0ms)[0m   [0;1mSELECT version FROM schema_migrations[0m
  [4;36;1mSQL (0.5ms)[0m   [0;1m SELECT name
 FROM sqlite_master
 WHERE type = 'table' AND NOT name = 'sqlite_sequence'
[0m
  [4;35;1mSQL (0.1ms)[0m   [0mselect sqlite_version(*)[0m
  [4;36;1mSQL (0.3ms)[0m   [0;1mCREATE TABLE "schema_migrations" ("version" varchar(255) NOT NULL) [0m
  [4;35;1mSQL (0.0ms)[0m   [0mPRAGMA index_list("schema_migrations")[0m
  [4;36;1mSQL (0.1ms)[0m   [0;1mCREATE UNIQUE INDEX "unique_schema_migrations" ON "schema_migrations" ("version")[0m
  [4;35;1mSQL (0.1ms)[0m   [0m SELECT name
 FROM sqlite_master
 WHERE type = 'table' AND NOT name = 'sqlite_sequence'
[0m
  [4;36;1mSQL (0.1ms)[0m   [0;1mSELECT version FROM schema_migrations[0m
Migrating to CreatePosts (20111002075037)
  [4;35;1mSQL (1.0ms)[0m   [0mCREATE TABLE "posts" ("id" INTEGER PRIMARY KEY AUTOINCREMENT NOT NULL, "user_id" integer, "title" varchar(255), "body" text, "created_at" datetime, "updated_at" datetime) [0m
  [4;36;1mSQL (0.3ms)[0m   [0;1mINSERT INTO schema_migrations (version) VALUES ('20111002075037')[0m
Migrating to CreateUsers (20111002075053)
  [4;35;1mSQL (0.4ms)[0m   [0mCREATE TABLE "users" ("id" INTEGER PRIMARY KEY AUTOINCREMENT NOT NULL, "username" varchar(255), "email" varchar(255), "location" varchar(255), "is_admin" boolean, "created_at" datetime, "updated_at" datetime) [0m
  [4;36;1mSQL (0.1ms)[0m   [0;1mINSERT INTO schema_migrations (version) VALUES ('20111002075053')[0m
Migrating to CreatePhoneNumbers (20111002075112)
  [4;35;1mSQL (2.1ms)[0m   [0mCREATE TABLE "phone_numbers" ("id" INTEGER PRIMARY KEY AUTOINCREMENT NOT NULL, "user_id" integer, "is_primary" boolean, "area_code" varchar(255), "prefix" varchar(255), "suffix" varchar(255), "name" varchar(255)) [0m
  [4;36;1mSQL (0.1ms)[0m   [0;1mINSERT INTO schema_migrations (version) VALUES ('20111002075112')[0m
  [4;35;1mSQL (0.2ms)[0m   [0m SELECT name
 FROM sqlite_master
 WHERE type = 'table' AND NOT name = 'sqlite_sequence'
[0m
  [4;36;1mSQL (0.1ms)[0m   [0;1mSELECT version FROM schema_migrations[0m
  [4;35;1mSQL (0.1ms)[0m   [0m SELECT name
 FROM sqlite_master
 WHERE type = 'table' AND NOT name = 'sqlite_sequence'
[0m
  [4;36;1mSQL (0.0ms)[0m   [0;1mPRAGMA index_list("phone_numbers")[0m
  [4;35;1mSQL (0.0ms)[0m   [0mPRAGMA index_list("posts")[0m
  [4;36;1mSQL (0.1ms)[0m   [0;1mPRAGMA index_list("users")[0m
  [4;36;1mSQL (0.6ms)[0m   [0;1m SELECT name
 FROM sqlite_master
 WHERE type = 'table' AND NOT name = 'sqlite_sequence'
[0m
  [4;35;1mSQL (0.1ms)[0m   [0mselect sqlite_version(*)[0m
  [4;36;1mSQL (0.3ms)[0m   [0;1mCREATE TABLE "schema_migrations" ("version" varchar(255) NOT NULL) [0m
  [4;35;1mSQL (0.0ms)[0m   [0mPRAGMA index_list("schema_migrations")[0m
  [4;36;1mSQL (0.1ms)[0m   [0;1mCREATE UNIQUE INDEX "unique_schema_migrations" ON "schema_migrations" ("version")[0m
  [4;35;1mSQL (0.1ms)[0m   [0m SELECT name
 FROM sqlite_master
 WHERE type = 'table' AND NOT name = 'sqlite_sequence'
[0m
  [4;36;1mSQL (0.0ms)[0m   [0;1mSELECT version FROM schema_migrations[0m
DEPRECATION WARNING: require "activerecord" is deprecated and will be removed in Rails 3. Use require "active_record" instead. (called from <top (required)> at /Users/nesquena/.rvm/gems/ruby-1.9.2-p180@testrabl/gems/activerecord-2.3.14/lib/activerecord.rb:2)
DEPRECATION WARNING: require "activerecord" is deprecated and will be removed in Rails 3. Use require "active_record" instead. (called from <top (required)> at /Users/nesquena/.rvm/gems/ruby-1.9.2-p180@testrabl/gems/activerecord-2.3.14/lib/activerecord.rb:2)
DEPRECATION WARNING: require "activerecord" is deprecated and will be removed in Rails 3. Use require "active_record" instead. (called from <top (required)> at /Users/nesquena/.rvm/gems/ruby-1.9.2-p180@testrabl/gems/activerecord-2.3.14/lib/activerecord.rb:2)
DEPRECATION WARNING: require "activerecord" is deprecated and will be removed in Rails 3. Use require "active_record" instead. (called from <top (required)> at /Users/nesquena/.rvm/gems/ruby-1.9.2-p180@testrabl/gems/activerecord-2.3.14/lib/activerecord.rb:2)
DEPRECATION WARNING: require "activerecord" is deprecated and will be removed in Rails 3. Use require "active_record" instead. (called from <top (required)> at /Users/nesquena/.rvm/gems/ruby-1.9.2-p180@testrabl/gems/activerecord-2.3.14/lib/activerecord.rb:2)
DEPRECATION WARNING: require "activerecord" is deprecated and will be removed in Rails 3. Use require "active_record" instead. (called from <top (required)> at /Users/nesquena/.rvm/gems/ruby-1.9.2-p180@testrabl/gems/activerecord-2.3.14/lib/activerecord.rb:2)
DEPRECATION WARNING: require "activerecord" is deprecated and will be removed in Rails 3. Use require "active_record" instead. (called from <top (required)> at /Users/nesquena/.rvm/gems/ruby-1.9.2-p180@testrabl/gems/activerecord-2.3.14/lib/activerecord.rb:2)
DEPRECATION WARNING: require "activerecord" is deprecated and will be removed in Rails 3. Use require "active_record" instead. (called from <top (required)> at /Users/nesquena/.rvm/gems/ruby-1.9.2-p180@testrabl/gems/activerecord-2.3.14/lib/activerecord.rb:2)
DEPRECATION WARNING: require "activerecord" is deprecated and will be removed in Rails 3. Use require "active_record" instead. (called from <top (required)> at /Users/nesquena/.rvm/gems/ruby-1.9.2-p180@testrabl/gems/activerecord-2.3.14/lib/activerecord.rb:2)
DEPRECATION WARNING: require "activerecord" is deprecated and will be removed in Rails 3. Use require "active_record" instead. (called from <top (required)> at /Users/nesquena/.rvm/gems/ruby-1.9.2-p180@testrabl/gems/activerecord-2.3.14/lib/activerecord.rb:2)
DEPRECATION WARNING: require "activerecord" is deprecated and will be removed in Rails 3. Use require "active_record" instead. (called from <top (required)> at /Users/nesquena/.rvm/gems/ruby-1.9.2-p180@testrabl/gems/activerecord-2.3.14/lib/activerecord.rb:2)
